<?xml version="1.0" encoding="UTF-8"?>
<!-- Generated by org.testng.reporters.JUnitReportReporter -->
<testsuite hostname="ENCOPDBANLT0031" failures="0" tests="5" name="com.rest.api.Testclass" time="1.694" errors="0" timestamp="2021-07-09T11:49:07 IST" skipped="4">
  <testcase classname="com.rest.api.Testclass" name="getrequestbydoc" time="1.694"/>
  <system-out/>
  <testcase classname="com.rest.api.Testclass" name="postdata">
    <skipped/>
  </testcase> <!-- postdata -->
  <system-out/>
  <testcase classname="com.rest.api.Testclass" name="get1">
    <skipped/>
  </testcase> <!-- get1 -->
  <system-out/>
  <testcase classname="com.rest.api.Testclass" name="deletereq">
    <skipped/>
  </testcase> <!-- deletereq -->
  <system-out/>
  <testcase classname="com.rest.api.Testclass" name="putrequest">
    <skipped/>
  </testcase> <!-- putrequest -->
  <system-out/>
</testsuite> <!-- com.rest.api.Testclass -->
